%MSG-i MF_INIT_OK:  lar 30-May-2017 17:30:01 CDT JobSetup
Messagelogger initialization complete.
%MSG
%MSG-w ColorDrawingOptions:  lar 30-May-2017 17:30:05 CDT JobSetup
only 1 value given for raw color scale: number of divisions, low and high values.
Pad out those values for the number of signal types.
%MSG
%MSG-w ColorDrawingOptions:  lar 30-May-2017 17:30:05 CDT JobSetup
only 1 value given for reco color scale: number of divisions, low and high values.
Pad out those values for the number of signal types.
%MSG
%MSG-i Root_Information:  lar TGeoManager::Import() 30-May-2017 17:30:05 CDT  JobSetup
Reading geometry from file: /uboone/app/users/alister1/diffusion/ubcode_v06_26_01_02_withLarSim/build_slf6.x86_64/uboonecode/gdml/microboonev11.gdml
%MSG
%MSG-i Root_Information:  lar TGeoManager::TGeoManager()  30-May-2017 17:30:05 CDT JobSetup
Geometry GDMLImport, Geometry imported from GDML created
%MSG
%MSG-i Root_Information:  lar TGeoManager::SetTopVolume()  30-May-2017 17:30:06 CDT JobSetup
Top volume is volWorld. Master volume is volWorld
%MSG
%MSG-i Root_Information:  lar TGeoNavigator::BuildCache()  30-May-2017 17:30:06 CDT JobSetup
--- Maximum geometry depth set to 100
%MSG
%MSG-i Root_Information:  lar TGeoManager::CheckGeometry()  30-May-2017 17:30:06 CDT JobSetup
Fixing runtime shapes...
%MSG
%MSG-i Root_Information:  lar TGeoManager::CheckGeometry()  30-May-2017 17:30:06 CDT JobSetup
...Nothing to fix
%MSG
%MSG-i Root_Information:  lar TGeoManager::CloseGeometry()  30-May-2017 17:30:06 CDT JobSetup
Counting nodes...
%MSG
%MSG-i Root_Information:  lar TGeoManager::Voxelize() 30-May-2017 17:30:06 CDT  JobSetup
Voxelizing...
%MSG
%MSG-i Root_Information:  lar TGeoManager::CloseGeometry()  30-May-2017 17:30:06 CDT JobSetup
Building cache...
%MSG
%MSG-i Root_Information:  lar TGeoManager::CountLevels()  30-May-2017 17:30:06 CDT JobSetup
max level = 5, max placements = 3456
%MSG
%MSG-i Root_Information:  lar TGeoManager::CloseGeometry()  30-May-2017 17:30:06 CDT JobSetup
11422 nodes/ 3084 volume UID's in Geometry imported from GDML
%MSG
%MSG-i Root_Information:  lar TGeoManager::CloseGeometry()  30-May-2017 17:30:06 CDT JobSetup
----------------modeler ready----------------
%MSG
%MSG-i GeometryCore:  lar 30-May-2017 17:30:06 CDT JobSetup
New detector geometry loaded from 
	/uboone/app/users/alister1/diffusion/ubcode_v06_26_01_02_withLarSim/build_slf6.x86_64/uboonecode/gdml/microboonev11.gdml
	/uboone/app/users/alister1/diffusion/ubcode_v06_26_01_02_withLarSim/build_slf6.x86_64/uboonecode/gdml/microboonev11_nowires.gdml

%MSG
%MSG-i ChannelMapStandardAlg:  lar 30-May-2017 17:30:06 CDT JobSetup
Initializing Standard ChannelMap...
%MSG
%MSG-i setupProvider<DetectorPropertiesStandard>:  lar 30-May-2017 17:30:07 CDT  JobSetup
Asked to ignore 1 keys: 'InheritNumberTimeSamples'
%MSG
%MSG-i SignalShapingServiceMicroBooNE:  lar 30-May-2017 17:30:07 CDT JobSetup
Getting Filters from .fcl file
%MSG
%MSG-i SignalShapingServiceMicroBooNE:  lar 30-May-2017 17:30:07 CDT JobSetup
Getting 2D Filters from .fcl file
%MSG
%MSG-i SignalShapingServiceMicroBooNE:  lar 30-May-2017 17:30:07 CDT JobSetup
 using the field response provided from a .root file 
%MSG
30-May-2017 17:30:07 CDT  Initiating request to open input file "/uboone/data/users/alister1/test/attempt1_20170530T222513_reco12.root"
30-May-2017 17:30:09 CDT  Opened input file "/uboone/data/users/alister1/test/attempt1_20170530T222513_reco12.root"
%MSG-d TWQProjectionView:  EVD:evdisp@BeginJob 30-May-2017 17:30:13 CDT  ModuleConstruction
Starting to draw
%MSG

charge collected at collection plane: 2 0 0
%MSG-d TWQProjectionView:  EVD:evdisp@BeginJob 30-May-2017 17:30:13 CDT  ModuleConstruction
Done drawing 3 planes
%MSG
%MSG-d TWQProjectionView:  EVD:evdisp@BeginJob 30-May-2017 17:30:13 CDT  ModuleConstruction
Done drawing
%MSG
%MSG-i DetectorPropertiesServiceStandard:  OpenFile 30-May-2017 17:30:13 CDT  BeforeEvents
Overriding configuration parameter NumberTimeSamples using historical value.
  Configured value:        6400
  Historical (used) value: 9600

%MSG
Begin processing the 1st record. run: 1 subRun: 0 event: 1 at 30-May-2017 17:30:14 CDT
%MSG-w InfoTransfer:  PostSource 30-May-2017 17:30:14 CDT  run: 1 subRun: 0 event: 1
failed to get handle to std::vector<recob::Hit> from ffthit
%MSG
%MSG-d TWQProjectionView:  PostProcessPath end_path 30-May-2017 17:30:14 CDT  run: 1 subRun: 0 event: 1
Starting to draw
%MSG
%MSG-w RawDataDrawer:  PostProcessPath end_path 30-May-2017 17:30:14 CDT  run: 1 subRun: 0 event: 1
no RawDigit collection 'InputTag:  label = digitfilter, instance = ' found
%MSG

charge collected at collection plane: 2 0 0
%MSG-d RawDataDrawer:  PostProcessPath end_path 30-May-2017 17:30:14 CDT  run: 1 subRun: 0 event: 1
ExtractRange() on pad 'fWireProjP0'
 frame window is 611x156 pixel big and, from external source, spans wires -11-2410 and TDC 0-6431
%MSG
%MSG-w RawDataDrawer:  PostProcessPath end_path 30-May-2017 17:30:14 CDT  run: 1 subRun: 0 event: 1
no RawDigit collection 'InputTag:  label = digitfilter, instance = ' found
%MSG
%MSG-w RawDataDrawer:  PostProcessPath end_path 30-May-2017 17:30:14 CDT  run: 1 subRun: 0 event: 1
no RawDigit collection 'InputTag:  label = digitfilter, instance = ' found
%MSG
%MSG-w RawDataDrawer:  PostProcessPath end_path 30-May-2017 17:30:14 CDT  run: 1 subRun: 0 event: 1
no RawDigit collection 'InputTag:  label = digitfilter, instance = ' found
%MSG
%MSG-d RawDataDrawer:  PostProcessPath end_path 30-May-2017 17:30:15 CDT  run: 1 subRun: 0 event: 1
ExtractRange() on pad 'fWireProjP1'
 frame window is 611x157 pixel big and, from external source, spans wires -11-2410 and TDC 0-6431
%MSG
%MSG-w RawDataDrawer:  PostProcessPath end_path 30-May-2017 17:30:15 CDT  run: 1 subRun: 0 event: 1
no RawDigit collection 'InputTag:  label = digitfilter, instance = ' found
%MSG
%MSG-w RawDataDrawer:  PostProcessPath end_path 30-May-2017 17:30:15 CDT  run: 1 subRun: 0 event: 1
no RawDigit collection 'InputTag:  label = digitfilter, instance = ' found
%MSG
%MSG-w RawDataDrawer:  PostProcessPath end_path 30-May-2017 17:30:15 CDT  run: 1 subRun: 0 event: 1
no RawDigit collection 'InputTag:  label = digitfilter, instance = ' found
%MSG
%MSG-d RawDataDrawer:  PostProcessPath end_path 30-May-2017 17:30:15 CDT  run: 1 subRun: 0 event: 1
ExtractRange() on pad 'fWireProjP2'
 frame window is 611x156 pixel big and, from external source, spans wires -17-3472 and TDC 0-6431
%MSG
%MSG-w RawDataDrawer:  PostProcessPath end_path 30-May-2017 17:30:15 CDT  run: 1 subRun: 0 event: 1
no RawDigit collection 'InputTag:  label = digitfilter, instance = ' found
%MSG
%MSG-w RawDataDrawer:  PostProcessPath end_path 30-May-2017 17:30:15 CDT  run: 1 subRun: 0 event: 1
no RawDigit collection 'InputTag:  label = digitfilter, instance = ' found
%MSG
%MSG-w RawDataDrawer:  PostProcessPath end_path 30-May-2017 17:30:15 CDT  run: 1 subRun: 0 event: 1
no RawDigit collection 'InputTag:  label = digitfilter, instance = ' found
%MSG
%MSG-d TWQProjectionView:  PostProcessPath end_path 30-May-2017 17:30:16 CDT  run: 1 subRun: 0 event: 1
Done drawing 3 planes
%MSG
%MSG-d TWQProjectionView:  PostProcessPath end_path 30-May-2017 17:30:16 CDT  run: 1 subRun: 0 event: 1
Done drawing
%MSG
